0.901258
0.881425
0.934295
0.898596
0.894739
0.890113
0.935324
0.933843
0.919366
0.894465
0.899728
0.934726
0.919126
0.923426
0.890731
0.938436
0.905627
0.982999
0.889138
0.893655
0.913138
0.991364
0.866737
0.920454
0.946507
0.894805
0.883039
0.912992
0.901829
0.918488
0.915429
0.900386
0.919667
0.940000
0.934958
0.875750
0.897472
0.888311
0.889826
0.898646
0.890165
0.902447
0.884579
0.966408
0.939606
0.900367
0.912790
0.916642
0.929028
0.906699
0.907898
0.935824
0.905711
0.875258
0.916052
0.864191
0.856921
0.956959
0.897308
0.962892
0.954189
0.868871
0.930256
0.903113
0.909575
0.872901
0.974680
0.895850
0.959693
0.930094
0.890390
0.916669
0.912393
0.937666
0.936826
0.895989
0.891829
0.871880
0.856118
0.897269
0.896178
0.926617
0.888330
0.895856
0.938552
0.893647
0.907234
0.890265
0.890513
0.900674
0.915807
0.902798
0.882869
0.897089
0.921795
0.941984
0.944182
0.891562
0.908547
0.874049
0.918654
0.889736
0.883345
0.907739
0.917565
0.914482
0.948291
0.982503
0.887450
0.916104
0.887426
0.874879
0.895119
0.917621
0.882704
0.908897
0.913710
0.936290
0.907936
0.954195
0.920454
0.907853
0.896831
0.883714
0.894297
0.916061
0.911083
0.886056
0.895958
0.918134
0.900213
0.914026
0.905525
0.911919
0.930456
0.879842
0.923462
0.922932
0.916162
0.920119
0.914447
0.929658
0.949962
0.890062
0.917972
0.904094
0.906097
0.911354
0.945427
0.898604
0.910757
0.926738
0.937883
0.954939
0.937352
0.913432
0.915394
1.000000
0.924134
0.913572
0.917943
0.927125
0.897706
0.962084
0.979347
0.947511
0.929436
0.905085
0.909008
0.930232
0.940708
0.904796
0.885856
0.910152
0.923058
0.923347
0.855189
0.902729
0.890313
0.923987
0.871807
0.927016
0.913691
0.962738
0.914080
0.923065
0.903204
0.926948
0.891852
0.889737
0.940529
0.904661
0.938989
0.839949
0.984546
0.921824
0.931229
0.892675
0.906838
0.888152
0.949132
0.915799
0.948231
0.913416
0.949862
0.910001
0.907835
0.970005
0.932142
0.921615
0.913645
0.869205
0.866061
0.962438
0.919187
0.957031
0.871876
0.936160
0.910658
0.863224
0.905961
0.892520
0.890906
0.927878
0.919644
0.941069
0.929157
0.911995
0.931838
0.886521
0.878008
0.919924
0.924237
0.903352
0.947628
0.956014
0.924531
0.952432
0.941170
0.977776
0.876957
0.944169
0.911046
0.918423
0.925026
0.916802
0.982542
0.908799
0.902299
0.938809
0.928423
0.989071
0.910015
0.900962
0.900118
0.912535
0.878212
0.860468
0.909074
0.913349
0.931634
0.901754
0.936370
0.906340
0.935581
0.908500
0.885504
0.929239
0.897308
0.923882
0.884405
0.886023
0.924652
0.913898
0.898208
0.897053
0.925662
0.890753
0.888160
0.878772
0.903537
0.946883
0.897612
0.885244
0.924938
0.957506
0.908504
0.913583
0.920519
0.925113
0.908389
0.892112
0.883975
0.959130
0.884130
0.898451
0.930999
0.874854
0.895195
0.931912
0.887214
0.882972
0.993671
0.868697
0.895123
0.922610
0.901505
0.957620
0.890312
0.955669
0.871478
0.902018
0.911350
0.882224
0.893922
0.952052
0.937168
0.950246
0.872764
0.881420
0.919357
0.905561
1.000000
0.908849
0.929893
0.898482
0.940962
0.939417
0.898436
0.935097
0.967417
0.934923
0.918538
0.901936
0.911004
0.892971
0.871629
0.905836
0.908682
0.927455
0.882640
0.910498
0.980498
0.907313
0.874233
0.937282
0.927003
0.919750
0.917765
0.914672
0.907804
0.897559
0.925545
0.879864
0.919369
0.896815
0.877905
0.925277
0.913494
0.874119
0.915882
0.922126
0.919030
0.928939
0.920336
0.928614
0.926175
0.934178
0.935253
0.921650
0.951722
0.918413
0.886759
0.884540
0.923422
0.881586
0.945683
0.875158
0.892341
0.918181
0.937518
0.927025
0.909480
0.921953
0.943192
0.893290
0.955899
0.883241
0.922635
0.921428
0.884428
0.914251
0.902994
0.920781
0.917003
0.895793
0.911672
0.940872
0.905926
0.943409
0.917423
0.928947
0.932114
0.917256
0.865504
0.948584
0.899555
0.948531
0.898630
0.940474
0.900775
0.909264
0.906365
0.873685
0.917470
0.917735
0.909044
0.928977
0.960531
0.883175
0.938663
0.912858
0.926310
0.915997
0.884499
0.895999
0.869080
0.888680
0.881305
0.917242
0.902749
0.938573
0.934156
0.897985
0.882318
0.867050
0.932828
0.890031
0.926899
0.913119
0.895594
0.925459
0.877666
0.919414
0.899417
0.940695
0.992778
0.908920
0.971475
0.903834
0.908439
0.879868
0.939605
0.941162
0.906042
0.907468
0.934059
0.895107
0.910672
0.970039
0.988418
0.938772
0.902654
0.914114
0.958311
0.908327
0.963677
0.946476
0.952634
0.919648
0.909794
0.874322
0.893350
0.912182
0.945194
0.908502
0.902291
0.925982
0.889574
0.868757
0.910134
0.976018
0.898516
0.908657
0.918094
0.917789
0.911634
0.958680
0.905832
0.951914
0.925738
0.886037
0.912790
0.912117
0.890486
0.940607
0.930969
0.966300
0.921406
0.954319
0.920714
0.921251
0.985974
0.904554
0.945782
0.923304
0.910769
0.915262
0.903515
0.945490
0.896821
0.949966
0.885920
0.906762
0.928613
0.920868
0.895659
0.909246
0.949196
0.962346
0.933251
0.925390
0.914116
0.931267
0.911573
0.868048
0.907965
0.909061
0.918807
0.899705
0.910473
0.869588
0.904518
0.897435
0.910197
0.925264
0.890146
0.932872
0.909452
0.924398
0.913833
0.875082
0.906002
0.971022
0.884503
0.927435
0.963698
0.909775
0.927999
0.919359
0.899126
0.909087
0.885559
0.909532
0.940056
0.902728
0.900375
0.932251
0.906890
0.954578
0.926151
0.914774
0.937135
0.906066
0.943955
0.879639
0.992734
0.874396
0.943472
0.889280
0.916565
0.917443
0.901611
0.896976
0.950906
0.913021
0.962701
0.910374
0.944545
0.913673
0.884826
0.986441
0.905208
0.931378
0.940434
0.893952
0.897157
0.862943
0.916946
0.965206
0.901636
0.927709
0.897995
0.906081
0.924471
0.914841
0.912344
0.886380
0.919977
0.895908
0.881807
0.994426
0.906573
0.965424
0.874166
0.917429
0.910109
0.901918
0.928111
0.934278
0.922438
0.886206
0.903219
0.887044
0.940516
0.920794
0.914990
0.911481
0.925371
0.914325
0.891182
0.882141
0.912901
0.881398
0.938380
0.989963
0.889527
0.916534
0.902790
0.875073
0.946886
0.902540
0.913652
0.949783
0.915046
0.916509
0.896540
0.940645
0.919368
0.921016
0.969679
0.888623
0.903056
0.889635
0.928359
0.920903
0.892715
0.928722
0.929090
0.945240
0.907468
0.884148
0.911917
0.916028
0.903241
0.895609
0.953340
0.898622
0.947478
0.952599
0.990407
0.874360
0.917026
0.939562
0.904308
0.913697
0.919946
0.878982
0.929750
0.916514
0.890948
0.911037
0.904978
0.958498
0.908961
0.896307
0.909074
0.896458
0.924556
0.958639
0.896558
0.941027
0.890100
0.884221
0.911563
0.923577
0.891509
0.928121
0.912898
0.926275
0.895562
0.900716
0.931572
0.880440
0.884075
0.882310
0.912841
0.974344
0.918855
0.908209
0.889871
0.900109
0.937656
0.942592
0.904778
0.870009
0.867306
0.854909
0.923061
0.861484
0.893046
0.898157
0.909407
0.911632
0.928261
0.928673
0.893387
0.923934
0.973947
0.880096
0.914853
0.901345
0.959788
0.948381
0.913392
0.954466
0.933132
0.909581
0.925630
0.904796
0.986326
0.941552
0.936676
0.887122
0.897156
0.891975
0.908716
0.936297
0.906794
0.945226
0.989484
0.926401
0.943135
0.988420
0.950792
0.940060
0.991006
0.879436
0.921888
0.929264
0.927611
0.893474
0.904101
0.947178
0.948664
0.888475
0.885751
0.914017
0.923649
0.918718
0.886824
0.971043
0.918392
0.909361
0.884426
0.866609
0.940339
0.882837
0.962124
0.935110
0.961014
0.935119
0.901790
0.887146
0.939969
0.919853
0.910947
0.890448
0.891772
1.000000
0.913960
1.000000
0.883014
0.928917
0.919545
0.901766
0.909957
0.911436
0.865676
0.946288
0.938323
0.908076
0.904409
0.903024
0.922150
0.930686
0.949870
0.901629
0.923487
0.902982
0.927784
0.904318
0.912811
0.950567
0.869404
0.924867
0.896490
0.931904
0.935640
0.891050
0.923567
0.929787
0.938427
0.900195
0.889198
0.913391
0.907391
0.903838
0.933522
0.880184
0.950081
0.970219
0.909323
0.918813
0.955526
0.907941
0.929492
0.935343
0.872484
0.989111
0.932778
0.944681
0.967467
0.951330
0.913121
0.899639
0.902718
0.958052
0.913602
0.907439
0.895480
0.889049
0.910821
0.876214
0.903161
0.902290
0.898539
0.878329
0.907699
0.895659
0.925318
0.918449
0.909898
0.908128
0.930898
0.880993
0.874405
0.966849
0.898918
0.929930
0.906782
0.870174
0.920651
0.921683
0.903213
0.920243
0.978405
0.949001
0.981924
0.894493
0.976807
0.896850
0.929733
0.971035
0.903175
0.883105
0.992712
0.923911
0.929681
0.880447
0.914503
0.917216
0.981914
0.885499
0.869733
0.892563
0.894293
0.909271
0.919124
0.920526
0.900998
0.904692
0.916105
0.893367
0.921966
0.924311
0.916714
0.895158
0.923738
0.890059
0.906230
0.923130
0.991649
0.915720
0.970922
0.893537
0.906813
0.902381
0.923167
0.903693
0.921441
0.914530
0.921119
0.939934
0.900171
0.926224
0.923749
0.923591
0.887721
0.889336
0.876464
0.895719
0.922184
0.905249
0.996060
0.893941
0.932359
0.892232
0.879226
0.923929
0.926246
1.000000
0.915546
0.913749
0.928546
0.891996
0.976509
0.980501
0.952525
0.925728
0.891848
0.884210
0.924475
0.933971
0.898056
0.919157
0.974039
0.887842
0.932572
0.970004
0.907608
0.895747
0.918994
0.950982
0.942317
0.900604
0.898148
0.914350
0.900968
0.922039
0.966758
0.909018
0.910425
0.922255
0.962643
0.905246
0.910884
0.925684
0.912581
0.912015
0.896126
0.902665
0.940596
0.890026
0.896858
0.977768
0.896525
0.880152
0.905982
0.866795
0.879522
0.910249
0.936611
0.962966
0.901433
0.930959
0.917350
0.889609
0.908691
0.935747
0.952662
0.912539
0.878707
0.904370
0.957035
0.889185
0.923897
0.914034
0.941223
0.876535
1.000000
0.912956
0.942930
0.883810
0.899173
0.897196
0.948782
